<?xml version="1.0" encoding="utf-8"?><testsuites name="pytest tests"><testsuite name="pytest" errors="0" failures="0" skipped="1" tests="30" time="93.859" timestamp="2026-05-22T22:26:29.017627+00:00" hostname="agent-env-e251eb2b-0473-4838-92cf-db61a299ea2d"><testcase classname="backend.tests.test_leave_cycle.TestAuthAndEmptyDashboard" name="test_register_returns_token" time="0.501" /><testcase classname="backend.tests.test_leave_cycle.TestAuthAndEmptyDashboard" name="test_empty_user_dashboard_no_crash" time="0.427" /><testcase classname="backend.tests.test_leave_cycle.TestAuthAndEmptyDashboard" name="test_current_cycle_none_when_no_entries" time="0.484" /><testcase classname="backend.tests.test_leave_cycle.TestAutoCycleCreation" name="test_first_entry_creates_cycle" time="0.569" /><testcase classname="backend.tests.test_leave_cycle.TestAutoCycleCreation" name="test_consecutive_entries_same_cycle" time="0.649" /><testcase classname="backend.tests.test_leave_cycle.TestLeaveDetection" name="test_gap_exactly_6_days_triggers" time="0.682" /><testcase classname="backend.tests.test_leave_cycle.TestLeaveDetection" name="test_gap_exactly_5_days_no_trigger" time="0.723" /><testcase classname="backend.tests.test_leave_cycle.TestLeaveDetection" name="test_gap_large_triggers" time="69.002" /><testcase classname="backend.tests.test_leave_cycle.TestLeaveDetection" name="test_backdating_no_leave_trigger" time="0.690" /><testcase classname="backend.tests.test_leave_cycle.TestLeaveDetection" name="test_multiple_consecutive_leave_events" time="0.959" /><testcase classname="backend.tests.test_leave_cycle.TestDeleteRevert" name="test_delete_non_last_keeps_cycle" time="1.301" /><testcase classname="backend.tests.test_leave_cycle.TestDeleteRevert" name="test_delete_last_entry_with_leave_skips_to_work_cycle" time="0.787" /><testcase classname="backend.tests.test_leave_cycle.TestDeleteRevert" name="test_delete_last_entry_only_leave_behind_no_revert" time="0.364"><skipped type="pytest.skip" message="Leave-only-behind scenario requires manual DB seeding; covered by skip-leave logic in other tests">/app/backend/tests/test_leave_cycle.py:234: Leave-only-behind scenario requires manual DB seeding; covered by skip-leave logic in other tests</skipped></testcase><testcase classname="backend.tests.test_leave_cycle.TestCyclesEndpoints" name="test_start_new_closes_no_new_created" time="0.963" /><testcase classname="backend.tests.test_leave_cycle.TestCyclesEndpoints" name="test_start_new_when_no_cycle" time="0.484" /><testcase classname="backend.tests.test_leave_cycle.TestRegression" name="test_summary_month_works" time="0.575" /><testcase classname="backend.tests.test_leave_cycle.TestRegression" name="test_entries_crud" time="0.926" /><testcase classname="backend.tests.test_leave_reconciliation.TestCreateFillsGap" name="test_initial_gap_creates_leave_cycle" time="0.798" /><testcase classname="backend.tests.test_leave_reconciliation.TestCreateFillsGap" name="test_fill_gap_to_6days_replaces_leave_cycle" time="1.144" /><testcase classname="backend.tests.test_leave_reconciliation.TestCreateFillsGap" name="test_fill_gap_below_threshold_deletes_leave_cycle" time="1.125" /><testcase classname="backend.tests.test_leave_reconciliation.TestUpdateReconciliation" name="test_update_shrinks_gap_below_threshold_deletes_leave" time="0.906" /><testcase classname="backend.tests.test_leave_reconciliation.TestUpdateReconciliation" name="test_update_grows_gap_above_threshold_creates_leave" time="0.990" /><testcase classname="backend.tests.test_leave_reconciliation.TestDeleteReconciliation" name="test_delete_middle_entry_creates_new_gap" time="1.001" /><testcase classname="backend.tests.test_leave_reconciliation.TestDeleteReconciliation" name="test_delete_middle_creates_brand_new_leave" time="1.202" /><testcase classname="backend.tests.test_leave_reconciliation.TestDeleteReconciliation" name="test_delete_only_remaining_entry_drops_all_leaves" time="0.960" /><testcase classname="backend.tests.test_leave_reconciliation.TestBoundaries" name="test_gap_5_never_creates_leave" time="0.676" /><testcase classname="backend.tests.test_leave_reconciliation.TestBoundaries" name="test_gap_6_always_creates_leave" time="0.670" /><testcase classname="backend.tests.test_leave_reconciliation.TestStressSequence" name="test_sequence_invariant_holds" time="1.702" /><testcase classname="backend.tests.test_leave_reconciliation.TestWorkCyclesUntouched" name="test_work_cycle_totals_preserved_after_reconcile" time="0.906" /><testcase classname="backend.tests.test_leave_reconciliation.TestWorkCyclesUntouched" name="test_previous_cycle_falls_back_to_work_when_leave_deleted" time="1.613" /></testsuite></testsuites>