<?xml version="1.0" encoding="utf-8"?><testsuites name="pytest tests"><testsuite name="pytest" errors="0" failures="9" skipped="2" tests="89" time="84.441" timestamp="2026-05-22T21:24:33.338362+00:00" hostname="agent-env-e251eb2b-0473-4838-92cf-db61a299ea2d"><testcase classname="backend.tests.backend_test.TestAuth" name="test_register" time="11.617" /><testcase classname="backend.tests.backend_test.TestAuth" name="test_login_admin" time="36.361" /><testcase classname="backend.tests.backend_test.TestAuth" name="test_login_wrong_password" time="0.407" /><testcase classname="backend.tests.backend_test.TestAuth" name="test_me_with_token" time="0.146" /><testcase classname="backend.tests.backend_test.TestAuth" name="test_me_without_token" time="0.125" /><testcase classname="backend.tests.backend_test.TestCyclesEntries" name="test_cycles_current_auto_creates" time="0.144"><failure message="TypeError: argument of type 'NoneType' is not iterable">E   TypeError: argument of type 'NoneType' is not iterable</failure></testcase><testcase classname="backend.tests.backend_test.TestCyclesEntries" name="test_create_first_entry_no_daily_rest" time="0.121"><failure message="AttributeError: module 'pytest' has no attribute 'cycle_id'">E   AttributeError: module 'pytest' has no attribute 'cycle_id'</failure></testcase><testcase classname="backend.tests.backend_test.TestCyclesEntries" name="test_create_second_entry_with_daily_rest" time="0.131" /><testcase classname="backend.tests.backend_test.TestCyclesEntries" name="test_detect_rest_no_signal" time="0.136" /><testcase classname="backend.tests.backend_test.TestCyclesEntries" name="test_detect_rest_weekly_full" time="0.145" /><testcase classname="backend.tests.backend_test.TestCyclesEntries" name="test_detect_rest_weekly_reduced" time="0.000"><failure message="AttributeError: module 'pytest' has no attribute 'entry1_date'">E   AttributeError: module 'pytest' has no attribute 'entry1_date'</failure></testcase><testcase classname="backend.tests.backend_test.TestCyclesEntries" name="test_list_entries_enriched" time="0.140" /><testcase classname="backend.tests.backend_test.TestCyclesEntries" name="test_dashboard_summary_cycle" time="0.141" /><testcase classname="backend.tests.backend_test.TestCyclesEntries" name="test_update_recomputes" time="0.233" /><testcase classname="backend.tests.backend_test.TestCyclesEntries" name="test_start_new_cycle" time="0.000"><failure message="AttributeError: module 'pytest' has no attribute 'cycle_id'">E   AttributeError: module 'pytest' has no attribute 'cycle_id'</failure></testcase><testcase classname="backend.tests.backend_test.TestCyclesEntries" name="test_confirm_reduced_creates_reduced_cycle" time="0.114"><failure message="KeyError: 'is_reduced_weekly_rest'">E   KeyError: 'is_reduced_weekly_rest'</failure></testcase><testcase classname="backend.tests.backend_test.TestCyclesEntries" name="test_new_entry_in_new_cycle" time="0.234" /><testcase classname="backend.tests.backend_test.TestCyclesEntries" name="test_delete_entry" time="0.000"><failure message="AttributeError: module 'pytest' has no attribute 'entry1_id'">E   AttributeError: module 'pytest' has no attribute 'entry1_id'</failure></testcase><testcase classname="backend.tests.backend_test.TestLegacy" name="test_admin_legacy_entry_flagged" time="0.130" /><testcase classname="backend.tests.test_auto_revert_cycle.TestAutoRevert" name="test_delete_response_shape" time="0.612" /><testcase classname="backend.tests.test_auto_revert_cycle.TestAutoRevert" name="test_non_last_entry_delete_no_revert" time="0.977" /><testcase classname="backend.tests.test_auto_revert_cycle.TestAutoRevert" name="test_last_entry_with_prev_closed_cycle_triggers_revert" time="1.135"><failure message="KeyError: 'id'">E   KeyError: 'id'</failure></testcase><testcase classname="backend.tests.test_auto_revert_cycle.TestAutoRevert" name="test_last_entry_no_prev_closed_cycle_no_revert" time="0.733"><failure message="TypeError: 'NoneType' object is not subscriptable">E   TypeError: 'NoneType' object is not subscriptable</failure></testcase><testcase classname="backend.tests.test_auto_revert_cycle.TestAutoRevert" name="test_delete_from_closed_cycle_no_revert" time="1.121"><failure message="KeyError: 'id'">E   KeyError: 'id'</failure></testcase><testcase classname="backend.tests.test_auto_revert_cycle.TestAutoRevert" name="test_legacy_entry_delete_no_cycle_effect" time="0.343"><skipped type="pytest.skip" message="Legacy entries (cycle_id=null) cannot be created via current API; covered manually.">/app/backend/tests/test_auto_revert_cycle.py:196: Legacy entries (cycle_id=null) cannot be created via current API; covered manually.</skipped></testcase><testcase classname="backend.tests.test_auto_revert_cycle.TestAutoRevert" name="test_after_revert_new_entry_attaches_to_reopened_cycle" time="1.151" /><testcase classname="backend.tests.test_auto_revert_cycle.TestAutoRevert" name="test_revert_picks_most_recent_closed_cycle" time="1.264" /><testcase classname="backend.tests.test_backfill_daily_rest" name="test_dashboard_backfills_daily_rest_for_legacy_latest" time="0.497" /><testcase classname="backend.tests.test_backfill_daily_rest" name="test_dashboard_legacy_first_entry_no_backfill" time="0.498" /><testcase classname="backend.tests.test_break_rule.TestValidation" name="test_detect_rest_bad_start_time" time="0.524" /><testcase classname="backend.tests.test_break_rule.TestValidation" name="test_detect_rest_bad_date" time="0.118" /><testcase classname="backend.tests.test_break_rule.TestValidation" name="test_entry_bad_time" time="0.112" /><testcase classname="backend.tests.test_break_rule.TestValidation" name="test_entry_bad_date" time="0.115" /><testcase classname="backend.tests.test_break_rule.TestBreakRule" name="test_violation_6h_with_30min_break" time="0.127" /><testcase classname="backend.tests.test_break_rule.TestBreakRule" name="test_ok_4h_with_45min_break" time="0.133" /><testcase classname="backend.tests.test_break_rule.TestBreakRule" name="test_ok_two_4h30_segments_with_45min_break" time="0.126" /><testcase classname="backend.tests.test_break_rule.TestBreakRule" name="test_violation_two_segments_only_30min_break" time="0.128" /><testcase classname="backend.tests.test_break_rule.TestBreakRule" name="test_ok_split_15_then_30" time="0.139" /><testcase classname="backend.tests.test_break_rule.TestBreakRule" name="test_dashboard_break_violations_count" time="0.123" /><testcase classname="backend.tests.test_break_rule.TestBreakRule" name="test_recompute_on_update" time="0.485" /><testcase classname="backend.tests.test_break_rule.TestBreakRule" name="test_recompute_on_delete" time="0.581" /><testcase classname="backend.tests.test_double_equipage" name="test_dailyentry_accepts_double_equipage_default_false" time="0.471" /><testcase classname="backend.tests.test_double_equipage" name="test_single_driver_240_240_with_30_violation" time="0.131" /><testcase classname="backend.tests.test_double_equipage" name="test_codriver_240_240_with_30_still_violation" time="0.127" /><testcase classname="backend.tests.test_double_equipage" name="test_codriver_240_240_with_20_violation" time="0.146" /><testcase classname="backend.tests.test_double_equipage" name="test_codriver_240_240_with_45_ok" time="1.158" /><testcase classname="backend.tests.test_double_equipage" name="test_put_toggle_does_not_change_break_rule" time="0.429" /><testcase classname="backend.tests.test_double_equipage" name="test_double_equipage_does_not_change_time_aggregates" time="0.273" /><testcase classname="backend.tests.test_double_equipage" name="test_double_equipage_does_not_affect_cycle_counters" time="0.889" /><testcase classname="backend.tests.test_latest_entry.TestDashboardLatestEntryStructure" name="test_dashboard_has_latest_entry_field" time="0.500" /><testcase classname="backend.tests.test_latest_entry.TestDashboardLatestEntryStructure" name="test_dashboard_preserves_existing_fields" time="0.163" /><testcase classname="backend.tests.test_latest_entry.TestDashboardLatestEntryStructure" name="test_fresh_user_latest_is_none" time="0.559" /><testcase classname="backend.tests.test_latest_entry.TestLatestEntryEnrichment" name="test_latest_entry_enriched_fields" time="0.912" /><testcase classname="backend.tests.test_latest_entry.TestLatestEntryEnrichment" name="test_latest_entry_daily_rest_computed" time="0.144" /><testcase classname="backend.tests.test_latest_entry.TestLatestEntryBackfill" name="test_backfill_legacy_daily_rest" time="0.499" /><testcase classname="backend.tests.test_latest_entry.TestLatestEntryBackfill" name="test_single_entry_user_no_daily_rest" time="0.229" /><testcase classname="backend.tests.test_latest_entry.TestLatestEntryVsCycleLastEntry" name="test_latest_matches_history_top" time="0.233" /><testcase classname="backend.tests.test_leave_cycle.TestAuthAndEmptyDashboard" name="test_register_returns_token" time="0.489" /><testcase classname="backend.tests.test_leave_cycle.TestAuthAndEmptyDashboard" name="test_empty_user_dashboard_no_crash" time="0.484" /><testcase classname="backend.tests.test_leave_cycle.TestAuthAndEmptyDashboard" name="test_current_cycle_none_when_no_entries" time="0.508" /><testcase classname="backend.tests.test_leave_cycle.TestAutoCycleCreation" name="test_first_entry_creates_cycle" time="0.629" /><testcase classname="backend.tests.test_leave_cycle.TestAutoCycleCreation" name="test_consecutive_entries_same_cycle" time="0.781" /><testcase classname="backend.tests.test_leave_cycle.TestLeaveDetection" name="test_gap_exactly_6_days_triggers" time="0.734" /><testcase classname="backend.tests.test_leave_cycle.TestLeaveDetection" name="test_gap_exactly_5_days_no_trigger" time="0.822" /><testcase classname="backend.tests.test_leave_cycle.TestLeaveDetection" name="test_gap_large_triggers" time="0.830" /><testcase classname="backend.tests.test_leave_cycle.TestLeaveDetection" name="test_backdating_no_leave_trigger" time="0.792" /><testcase classname="backend.tests.test_leave_cycle.TestLeaveDetection" name="test_multiple_consecutive_leave_events" time="1.002" /><testcase classname="backend.tests.test_leave_cycle.TestDeleteRevert" name="test_delete_non_last_keeps_cycle" time="0.852" /><testcase classname="backend.tests.test_leave_cycle.TestDeleteRevert" name="test_delete_last_entry_with_leave_skips_to_work_cycle" time="0.831" /><testcase classname="backend.tests.test_leave_cycle.TestDeleteRevert" name="test_delete_last_entry_only_leave_behind_no_revert" time="0.347"><skipped type="pytest.skip" message="Leave-only-behind scenario requires manual DB seeding; covered by skip-leave logic in other tests">/app/backend/tests/test_leave_cycle.py:219: Leave-only-behind scenario requires manual DB seeding; covered by skip-leave logic in other tests</skipped></testcase><testcase classname="backend.tests.test_leave_cycle.TestCyclesEndpoints" name="test_start_new_closes_no_new_created" time="1.006" /><testcase classname="backend.tests.test_leave_cycle.TestCyclesEndpoints" name="test_start_new_when_no_cycle" time="0.485" /><testcase classname="backend.tests.test_leave_cycle.TestRegression" name="test_summary_month_works" time="0.672" /><testcase classname="backend.tests.test_leave_cycle.TestRegression" name="test_entries_crud" time="0.972" /><testcase classname="backend.tests.test_strict_break_rule.TestStrictBreakRule" name="test_240_drive_20_break_violation" time="0.460" /><testcase classname="backend.tests.test_strict_break_rule.TestStrictBreakRule" name="test_240_drive_45_break_ok" time="0.127" /><testcase classname="backend.tests.test_strict_break_rule.TestStrictBreakRule" name="test_240_drive_30_15_break_ok" time="0.156" /><testcase classname="backend.tests.test_strict_break_rule.TestStrictBreakRule" name="test_120_drive_20_break_violation_strict" time="0.166" /><testcase classname="backend.tests.test_strict_break_rule.TestStrictBreakRule" name="test_no_driving_no_break_ok" time="0.179" /><testcase classname="backend.tests.test_strict_break_rule.TestStrictBreakRule" name="test_480_drive_60_break_violation_max_consecutive" time="0.186" /><testcase classname="backend.tests.test_strict_break_rule.TestStrictBreakRule" name="test_240_drive_60_break_ok" time="0.183" /><testcase classname="backend.tests.test_strict_break_rule.TestStrictBreakRule" name="test_240_drive_three_15_breaks_violation" time="0.162" /><testcase classname="backend.tests.test_strict_break_rule.TestDoubleEquipageNoEffect" name="test_same_result_both_modes[segs0-brks0-violation]" time="0.333" /><testcase classname="backend.tests.test_strict_break_rule.TestDoubleEquipageNoEffect" name="test_same_result_both_modes[segs1-brks1-ok]" time="0.306" /><testcase classname="backend.tests.test_strict_break_rule.TestDoubleEquipageNoEffect" name="test_same_result_both_modes[segs2-brks2-ok]" time="0.324" /><testcase classname="backend.tests.test_strict_break_rule.TestDoubleEquipageNoEffect" name="test_same_result_both_modes[segs3-brks3-violation]" time="0.365" /><testcase classname="backend.tests.test_strict_break_rule.TestDoubleEquipageNoEffect" name="test_same_result_both_modes[segs4-brks4-violation]" time="0.262" /><testcase classname="backend.tests.test_strict_break_rule.TestDoubleEquipageNoEffect" name="test_same_result_both_modes[segs5-brks5-ok]" time="0.250" /><testcase classname="backend.tests.test_strict_break_rule.TestDoubleEquipageNoEffect" name="test_same_result_both_modes[segs6-brks6-violation]" time="0.272" /></testsuite></testsuites>