<?xml version="1.0" encoding="utf-8"?><testsuites name="pytest tests"><testsuite name="pytest" errors="0" failures="0" skipped="0" tests="12" time="2.641" timestamp="2026-05-22T07:46:34.574084+00:00" hostname="agent-env-e251eb2b-0473-4838-92cf-db61a299ea2d"><testcase classname="backend.tests.test_break_rule.TestValidation" name="test_detect_rest_bad_start_time" time="0.588" /><testcase classname="backend.tests.test_break_rule.TestValidation" name="test_detect_rest_bad_date" time="0.105" /><testcase classname="backend.tests.test_break_rule.TestValidation" name="test_entry_bad_time" time="0.101" /><testcase classname="backend.tests.test_break_rule.TestValidation" name="test_entry_bad_date" time="0.101" /><testcase classname="backend.tests.test_break_rule.TestBreakRule" name="test_violation_6h_with_30min_break" time="0.114" /><testcase classname="backend.tests.test_break_rule.TestBreakRule" name="test_ok_4h_with_45min_break" time="0.121" /><testcase classname="backend.tests.test_break_rule.TestBreakRule" name="test_ok_two_4h30_segments_with_45min_break" time="0.121" /><testcase classname="backend.tests.test_break_rule.TestBreakRule" name="test_violation_two_segments_only_30min_break" time="0.113" /><testcase classname="backend.tests.test_break_rule.TestBreakRule" name="test_ok_split_15_then_30" time="0.102" /><testcase classname="backend.tests.test_break_rule.TestBreakRule" name="test_dashboard_break_violations_count" time="0.099" /><testcase classname="backend.tests.test_break_rule.TestBreakRule" name="test_recompute_on_update" time="0.433" /><testcase classname="backend.tests.test_break_rule.TestBreakRule" name="test_recompute_on_delete" time="0.481" /></testsuite></testsuites>