<?xml version="1.0" encoding="utf-8"?><testsuites name="pytest tests"><testsuite name="pytest" errors="0" failures="0" skipped="1" tests="53" time="158.491" timestamp="2026-05-24T10:05:31.881405+00:00" hostname="agent-env-e251eb2b-0473-4838-92cf-db61a299ea2d"><testcase classname="backend.tests.test_leave_cycle.TestAuthAndEmptyDashboard" name="test_register_returns_token" time="0.808" /><testcase classname="backend.tests.test_leave_cycle.TestAuthAndEmptyDashboard" name="test_empty_user_dashboard_no_crash" time="0.772" /><testcase classname="backend.tests.test_leave_cycle.TestAuthAndEmptyDashboard" name="test_current_cycle_none_when_no_entries" time="0.742" /><testcase classname="backend.tests.test_leave_cycle.TestAutoCycleCreation" name="test_first_entry_creates_cycle" time="0.910" /><testcase classname="backend.tests.test_leave_cycle.TestAutoCycleCreation" name="test_consecutive_entries_same_cycle" time="0.980" /><testcase classname="backend.tests.test_leave_cycle.TestLeaveDetection" name="test_gap_exactly_6_days_triggers" time="1.012" /><testcase classname="backend.tests.test_leave_cycle.TestLeaveDetection" name="test_gap_exactly_5_days_no_trigger" time="0.997" /><testcase classname="backend.tests.test_leave_cycle.TestLeaveDetection" name="test_gap_large_triggers" time="0.970" /><testcase classname="backend.tests.test_leave_cycle.TestLeaveDetection" name="test_backdating_no_leave_trigger" time="0.959" /><testcase classname="backend.tests.test_leave_cycle.TestLeaveDetection" name="test_multiple_consecutive_leave_events" time="1.184" /><testcase classname="backend.tests.test_leave_cycle.TestDeleteRevert" name="test_delete_non_last_keeps_cycle" time="1.140" /><testcase classname="backend.tests.test_leave_cycle.TestDeleteRevert" name="test_delete_last_entry_with_leave_skips_to_work_cycle" time="1.073" /><testcase classname="backend.tests.test_leave_cycle.TestDeleteRevert" name="test_delete_last_entry_only_leave_behind_no_revert" time="0.684"><skipped type="pytest.skip" message="Leave-only-behind scenario requires manual DB seeding; covered by skip-leave logic in other tests">/app/backend/tests/test_leave_cycle.py:231: Leave-only-behind scenario requires manual DB seeding; covered by skip-leave logic in other tests</skipped></testcase><testcase classname="backend.tests.test_leave_cycle.TestCyclesEndpoints" name="test_start_new_closes_no_new_created" time="1.181" /><testcase classname="backend.tests.test_leave_cycle.TestCyclesEndpoints" name="test_start_new_when_no_cycle_requires_prev_entry" time="0.742" /><testcase classname="backend.tests.test_leave_cycle.TestRegression" name="test_summary_month_works" time="0.854" /><testcase classname="backend.tests.test_leave_cycle.TestRegression" name="test_entries_crud" time="1.217" /><testcase classname="backend.tests.test_leave_reconciliation.TestCreateFillsGap" name="test_initial_gap_creates_leave_cycle" time="1.101" /><testcase classname="backend.tests.test_leave_reconciliation.TestCreateFillsGap" name="test_fill_gap_to_6days_replaces_leave_cycle" time="1.236" /><testcase classname="backend.tests.test_leave_reconciliation.TestCreateFillsGap" name="test_fill_gap_below_threshold_deletes_leave_cycle" time="1.309" /><testcase classname="backend.tests.test_leave_reconciliation.TestUpdateReconciliation" name="test_update_shrinks_gap_below_threshold_deletes_leave" time="1.217" /><testcase classname="backend.tests.test_leave_reconciliation.TestUpdateReconciliation" name="test_update_grows_gap_above_threshold_creates_leave" time="1.177" /><testcase classname="backend.tests.test_leave_reconciliation.TestDeleteReconciliation" name="test_delete_middle_entry_creates_new_gap" time="1.310" /><testcase classname="backend.tests.test_leave_reconciliation.TestDeleteReconciliation" name="test_delete_middle_creates_brand_new_leave" time="1.292" /><testcase classname="backend.tests.test_leave_reconciliation.TestDeleteReconciliation" name="test_delete_only_remaining_entry_drops_all_leaves" time="1.207" /><testcase classname="backend.tests.test_leave_reconciliation.TestBoundaries" name="test_gap_5_never_creates_leave" time="1.065" /><testcase classname="backend.tests.test_leave_reconciliation.TestBoundaries" name="test_gap_6_always_creates_leave" time="0.997" /><testcase classname="backend.tests.test_leave_reconciliation.TestStressSequence" name="test_sequence_invariant_holds" time="41.286" /><testcase classname="backend.tests.test_leave_reconciliation.TestWorkCyclesUntouched" name="test_work_cycle_totals_preserved_after_reconcile" time="6.502" /><testcase classname="backend.tests.test_leave_reconciliation.TestWorkCyclesUntouched" name="test_previous_cycle_falls_back_to_work_when_leave_deleted" time="5.001" /><testcase classname="backend.tests.test_cycle_max_days_cap.TestCapEnforcement" name="test_six_sequential_entries_succeed" time="1.585" /><testcase classname="backend.tests.test_cycle_max_days_cap.TestCapEnforcement" name="test_seventh_sequential_entry_returns_structured_400" time="1.601" /><testcase classname="backend.tests.test_cycle_max_days_cap.TestCapEnforcement" name="test_blocked_entry_not_persisted" time="1.923" /><testcase classname="backend.tests.test_cycle_max_days_cap.TestManualRecovery" name="test_start_new_then_retry_succeeds_in_fresh_cycle" time="2.024" /><testcase classname="backend.tests.test_cycle_max_days_cap.TestManualRecovery" name="test_confirm_reduced_then_retry_marks_cycle_reduced" time="2.198" /><testcase classname="backend.tests.test_cycle_max_days_cap.TestDashboardDaysWorkedMax" name="test_days_worked_max_present_when_cycle_open" time="0.986" /><testcase classname="backend.tests.test_cycle_max_days_cap.TestDashboardDaysWorkedMax" name="test_days_worked_max_absent_when_cycle_null" time="0.853" /><testcase classname="backend.tests.test_cycle_max_days_cap.TestLeaveGapBypassesCap" name="test_six_entries_then_6day_gap_succeeds_in_fresh_cycle" time="1.682" /><testcase classname="backend.tests.test_cycle_max_days_cap.TestLeaveGapBypassesCap" name="test_gap_exactly_5_days_still_blocked" time="1.479" /><testcase classname="backend.tests.test_cycle_max_days_cap.TestPutDeleteUnaffected" name="test_put_on_6entry_cycle_is_allowed" time="1.734" /><testcase classname="backend.tests.test_cycle_max_days_cap.TestPutDeleteUnaffected" name="test_delete_then_add_succeeds" time="2.000" /><testcase classname="backend.tests.test_cycle_max_days_cap.TestRepeatedBlockingIsIdempotent" name="test_multiple_blocked_attempts_dont_corrupt_cycle" time="1.926" /><testcase classname="backend.tests.test_rest_gap_contract.TestStartNewContract" name="test_no_body_returns_422" time="0.818" /><testcase classname="backend.tests.test_rest_gap_contract.TestStartNewContract" name="test_no_previous_entry_returns_400_rest_required" time="0.797" /><testcase classname="backend.tests.test_rest_gap_contract.TestStartNewContract" name="test_insufficient_gap_returns_400_with_metrics" time="0.935" /><testcase classname="backend.tests.test_rest_gap_contract.TestStartNewContract" name="test_exact_45h_gap_succeeds" time="0.875" /><testcase classname="backend.tests.test_rest_gap_contract.TestConfirmReducedContract" name="test_no_body_returns_422" time="0.782" /><testcase classname="backend.tests.test_rest_gap_contract.TestConfirmReducedContract" name="test_insufficient_gap_returns_400_rest_required" time="0.894" /><testcase classname="backend.tests.test_rest_gap_contract.TestConfirmReducedContract" name="test_24h_gap_succeeds_and_marks_reduced" time="1.019" /><testcase classname="backend.tests.test_rest_gap_contract.TestConfirmReducedContract" name="test_45h_gap_still_succeeds_and_marks_reduced" time="1.062" /><testcase classname="backend.tests.test_rest_gap_contract.TestCapErrorShape" name="test_cap_error_includes_title_headline_message" time="43.364" /><testcase classname="backend.tests.test_rest_gap_contract.TestEndToEndAfterCap" name="test_cap_then_detect_rest_then_confirm_reduced_then_post_entry" time="5.553" /><testcase classname="backend.tests.test_rest_gap_contract.TestEndToEndAfterCap" name="test_bogus_future_datetime_legit_when_gap_valid" time="1.424" /></testsuite></testsuites>