<?xml version="1.0" encoding="utf-8"?><testsuites name="pytest tests"><testsuite name="pytest" errors="0" failures="0" skipped="0" tests="8" time="3.028" timestamp="2026-05-22T08:10:09.709267+00:00" hostname="agent-env-e251eb2b-0473-4838-92cf-db61a299ea2d"><testcase classname="backend.tests.test_latest_entry.TestDashboardLatestEntryStructure" name="test_dashboard_has_latest_entry_field" time="0.599" /><testcase classname="backend.tests.test_latest_entry.TestDashboardLatestEntryStructure" name="test_dashboard_preserves_existing_fields" time="0.101" /><testcase classname="backend.tests.test_latest_entry.TestDashboardLatestEntryStructure" name="test_fresh_user_latest_is_none" time="0.429" /><testcase classname="backend.tests.test_latest_entry.TestLatestEntryEnrichment" name="test_latest_entry_enriched_fields" time="0.666" /><testcase classname="backend.tests.test_latest_entry.TestLatestEntryEnrichment" name="test_latest_entry_daily_rest_computed" time="0.103" /><testcase classname="backend.tests.test_latest_entry.TestLatestEntryBackfill" name="test_backfill_legacy_daily_rest" time="0.465" /><testcase classname="backend.tests.test_latest_entry.TestLatestEntryBackfill" name="test_single_entry_user_no_daily_rest" time="0.211" /><testcase classname="backend.tests.test_latest_entry.TestLatestEntryVsCycleLastEntry" name="test_latest_matches_history_top" time="0.264" /></testsuite></testsuites>