<?xml version="1.0" encoding="utf-8"?><testsuites name="pytest tests"><testsuite name="pytest" errors="0" failures="0" skipped="1" tests="30" time="26.760" timestamp="2026-05-22T22:00:54.592636+00:00" hostname="agent-env-e251eb2b-0473-4838-92cf-db61a299ea2d"><testcase classname="backend.tests.test_leave_reconciliation.TestCreateFillsGap" name="test_initial_gap_creates_leave_cycle" time="1.108" /><testcase classname="backend.tests.test_leave_reconciliation.TestCreateFillsGap" name="test_fill_gap_to_6days_replaces_leave_cycle" time="1.056" /><testcase classname="backend.tests.test_leave_reconciliation.TestCreateFillsGap" name="test_fill_gap_below_threshold_deletes_leave_cycle" time="1.087" /><testcase classname="backend.tests.test_leave_reconciliation.TestUpdateReconciliation" name="test_update_shrinks_gap_below_threshold_deletes_leave" time="1.004" /><testcase classname="backend.tests.test_leave_reconciliation.TestUpdateReconciliation" name="test_update_grows_gap_above_threshold_creates_leave" time="1.007" /><testcase classname="backend.tests.test_leave_reconciliation.TestDeleteReconciliation" name="test_delete_middle_entry_creates_new_gap" time="1.160" /><testcase classname="backend.tests.test_leave_reconciliation.TestDeleteReconciliation" name="test_delete_middle_creates_brand_new_leave" time="1.290" /><testcase classname="backend.tests.test_leave_reconciliation.TestDeleteReconciliation" name="test_delete_only_remaining_entry_drops_all_leaves" time="1.158" /><testcase classname="backend.tests.test_leave_reconciliation.TestBoundaries" name="test_gap_5_never_creates_leave" time="0.748" /><testcase classname="backend.tests.test_leave_reconciliation.TestBoundaries" name="test_gap_6_always_creates_leave" time="0.828" /><testcase classname="backend.tests.test_leave_reconciliation.TestStressSequence" name="test_sequence_invariant_holds" time="1.826" /><testcase classname="backend.tests.test_leave_reconciliation.TestWorkCyclesUntouched" name="test_work_cycle_totals_preserved_after_reconcile" time="1.033" /><testcase classname="backend.tests.test_leave_reconciliation.TestWorkCyclesUntouched" name="test_previous_cycle_falls_back_to_work_when_leave_deleted" time="1.628" /><testcase classname="backend.tests.test_leave_cycle.TestAuthAndEmptyDashboard" name="test_register_returns_token" time="0.519" /><testcase classname="backend.tests.test_leave_cycle.TestAuthAndEmptyDashboard" name="test_empty_user_dashboard_no_crash" time="0.453" /><testcase classname="backend.tests.test_leave_cycle.TestAuthAndEmptyDashboard" name="test_current_cycle_none_when_no_entries" time="0.442" /><testcase classname="backend.tests.test_leave_cycle.TestAutoCycleCreation" name="test_first_entry_creates_cycle" time="0.648" /><testcase classname="backend.tests.test_leave_cycle.TestAutoCycleCreation" name="test_consecutive_entries_same_cycle" time="0.693" /><testcase classname="backend.tests.test_leave_cycle.TestLeaveDetection" name="test_gap_exactly_6_days_triggers" time="0.738" /><testcase classname="backend.tests.test_leave_cycle.TestLeaveDetection" name="test_gap_exactly_5_days_no_trigger" time="0.740" /><testcase classname="backend.tests.test_leave_cycle.TestLeaveDetection" name="test_gap_large_triggers" time="0.723" /><testcase classname="backend.tests.test_leave_cycle.TestLeaveDetection" name="test_backdating_no_leave_trigger" time="0.722" /><testcase classname="backend.tests.test_leave_cycle.TestLeaveDetection" name="test_multiple_consecutive_leave_events" time="0.994" /><testcase classname="backend.tests.test_leave_cycle.TestDeleteRevert" name="test_delete_non_last_keeps_cycle" time="0.802" /><testcase classname="backend.tests.test_leave_cycle.TestDeleteRevert" name="test_delete_last_entry_with_leave_skips_to_work_cycle" time="0.830" /><testcase classname="backend.tests.test_leave_cycle.TestDeleteRevert" name="test_delete_last_entry_only_leave_behind_no_revert" time="0.350"><skipped type="pytest.skip" message="Leave-only-behind scenario requires manual DB seeding; covered by skip-leave logic in other tests">/app/backend/tests/test_leave_cycle.py:234: Leave-only-behind scenario requires manual DB seeding; covered by skip-leave logic in other tests</skipped></testcase><testcase classname="backend.tests.test_leave_cycle.TestCyclesEndpoints" name="test_start_new_closes_no_new_created" time="0.994" /><testcase classname="backend.tests.test_leave_cycle.TestCyclesEndpoints" name="test_start_new_when_no_cycle" time="0.462" /><testcase classname="backend.tests.test_leave_cycle.TestRegression" name="test_summary_month_works" time="0.650" /><testcase classname="backend.tests.test_leave_cycle.TestRegression" name="test_entries_crud" time="0.956" /></testsuite></testsuites>