<?xml version="1.0" encoding="utf-8"?><testsuites name="pytest tests"><testsuite name="pytest" errors="0" failures="0" skipped="0" tests="13" time="5.927" timestamp="2026-05-24T10:05:20.937433+00:00" hostname="agent-env-e251eb2b-0473-4838-92cf-db61a299ea2d"><testcase classname="backend.tests.test_email_verification.TestRegisterContract" name="test_register_returns_message_no_token" time="0.480" /><testcase classname="backend.tests.test_email_verification.TestRegisterContract" name="test_register_creates_user_with_email_verified_false" time="0.330" /><testcase classname="backend.tests.test_email_verification.TestRegisterContract" name="test_duplicate_register_fails" time="0.430" /><testcase classname="backend.tests.test_email_verification.TestLoginGating" name="test_unverified_login_returns_403_with_french_message" time="0.665" /><testcase classname="backend.tests.test_email_verification.TestLoginGating" name="test_verified_login_succeeds" time="0.660" /><testcase classname="backend.tests.test_email_verification.TestVerifyEmail" name="test_verify_with_valid_token_marks_verified" time="0.818" /><testcase classname="backend.tests.test_email_verification.TestVerifyEmail" name="test_verify_with_invalid_token_returns_400" time="0.108" /><testcase classname="backend.tests.test_email_verification.TestVerifyEmail" name="test_token_is_single_use" time="0.515" /><testcase classname="backend.tests.test_email_verification.TestVerifyEmail" name="test_token_stored_as_hash_not_raw" time="0.331" /><testcase classname="backend.tests.test_email_verification.TestResendVerification" name="test_resend_returns_generic_message_for_unknown_email" time="0.103" /><testcase classname="backend.tests.test_email_verification.TestResendVerification" name="test_resend_for_verified_account_is_generic_noop" time="0.433" /><testcase classname="backend.tests.test_email_verification.TestResendVerification" name="test_resend_within_cooldown_does_not_create_new_token" time="0.469" /><testcase classname="backend.tests.test_email_verification.TestBackfill" name="test_legacy_user_without_field_is_blocked" time="0.564" /></testsuite></testsuites>