<?xml version="1.0" encoding="utf-8"?><testsuites name="pytest tests"><testsuite name="pytest" errors="0" failures="0" skipped="0" tests="8" time="3.457" timestamp="2026-05-22T19:23:33.419150+00:00" hostname="agent-env-e251eb2b-0473-4838-92cf-db61a299ea2d"><testcase classname="backend.tests.test_double_equipage" name="test_dailyentry_accepts_double_equipage_default_false" time="0.763" /><testcase classname="backend.tests.test_double_equipage" name="test_single_driver_240_240_with_30_violation" time="0.150" /><testcase classname="backend.tests.test_double_equipage" name="test_codriver_240_240_with_30_ok" time="0.126" /><testcase classname="backend.tests.test_double_equipage" name="test_codriver_240_240_with_20_violation" time="0.152" /><testcase classname="backend.tests.test_double_equipage" name="test_codriver_240_240_with_45_ok" time="0.132" /><testcase classname="backend.tests.test_double_equipage" name="test_put_toggle_recomputes_break_rule" time="0.611" /><testcase classname="backend.tests.test_double_equipage" name="test_double_equipage_does_not_change_time_aggregates" time="0.279" /><testcase classname="backend.tests.test_double_equipage" name="test_double_equipage_does_not_affect_cycle_counters" time="1.002" /></testsuite></testsuites>