<?xml version="1.0" encoding="utf-8"?><testsuites name="pytest tests"><testsuite name="pytest" errors="0" failures="0" skipped="1" tests="71" time="188.760" timestamp="2026-05-24T10:28:36.508852+00:00" hostname="agent-env-e251eb2b-0473-4838-92cf-db61a299ea2d"><testcase classname="test_email_verification.TestRegisterContract" name="test_register_returns_message_no_token" time="0.386" /><testcase classname="test_email_verification.TestRegisterContract" name="test_register_creates_user_with_email_verified_false" time="0.351" /><testcase classname="test_email_verification.TestRegisterContract" name="test_duplicate_register_fails" time="0.445" /><testcase classname="test_email_verification.TestLoginGating" name="test_unverified_login_returns_403_with_french_message" time="0.869" /><testcase classname="test_email_verification.TestLoginGating" name="test_verified_login_succeeds" time="0.693" /><testcase classname="test_email_verification.TestVerifyEmail" name="test_verify_with_valid_token_marks_verified" time="0.783" /><testcase classname="test_email_verification.TestVerifyEmail" name="test_verify_with_invalid_token_returns_400" time="0.105" /><testcase classname="test_email_verification.TestVerifyEmail" name="test_token_is_single_use" time="0.560" /><testcase classname="test_email_verification.TestVerifyEmail" name="test_token_stored_as_hash_not_raw" time="0.394" /><testcase classname="test_email_verification.TestResendVerification" name="test_resend_returns_generic_message_for_unknown_email" time="0.115" /><testcase classname="test_email_verification.TestResendVerification" name="test_resend_for_verified_account_is_generic_noop" time="0.575" /><testcase classname="test_email_verification.TestResendVerification" name="test_resend_within_cooldown_does_not_create_new_token" time="0.498" /><testcase classname="test_email_verification.TestBackfill" name="test_legacy_user_without_field_is_blocked" time="0.609" /><testcase classname="test_email_verification_extra.TestSmtpNoOpLog" name="test_register_logs_smtp_not_configured_with_token_url" time="0.860" /><testcase classname="test_email_verification_extra.TestAdminLogin" name="test_admin_login_succeeds" time="0.430" /><testcase classname="test_email_verification_extra.TestTokenTTLIndex" name="test_collection_has_ttl_index_on_expires_at" time="0.016" /><testcase classname="test_email_verification_extra.TestTokenTTLIndex" name="test_manually_expired_token_is_rejected" time="0.482" /><testcase classname="test_email_verification_extra.TestResendCooldownRotation" name="test_after_cooldown_resend_creates_new_token_hash" time="0.469" /><testcase classname="test_leave_cycle.TestAuthAndEmptyDashboard" name="test_register_returns_token" time="0.788" /><testcase classname="test_leave_cycle.TestAuthAndEmptyDashboard" name="test_empty_user_dashboard_no_crash" time="0.815" /><testcase classname="test_leave_cycle.TestAuthAndEmptyDashboard" name="test_current_cycle_none_when_no_entries" time="0.834" /><testcase classname="test_leave_cycle.TestAutoCycleCreation" name="test_first_entry_creates_cycle" time="69.127" /><testcase classname="test_leave_cycle.TestAutoCycleCreation" name="test_consecutive_entries_same_cycle" time="0.999" /><testcase classname="test_leave_cycle.TestLeaveDetection" name="test_gap_exactly_6_days_triggers" time="0.964" /><testcase classname="test_leave_cycle.TestLeaveDetection" name="test_gap_exactly_5_days_no_trigger" time="0.986" /><testcase classname="test_leave_cycle.TestLeaveDetection" name="test_gap_large_triggers" time="0.967" /><testcase classname="test_leave_cycle.TestLeaveDetection" name="test_backdating_no_leave_trigger" time="1.001" /><testcase classname="test_leave_cycle.TestLeaveDetection" name="test_multiple_consecutive_leave_events" time="1.279" /><testcase classname="test_leave_cycle.TestDeleteRevert" name="test_delete_non_last_keeps_cycle" time="1.107" /><testcase classname="test_leave_cycle.TestDeleteRevert" name="test_delete_last_entry_with_leave_skips_to_work_cycle" time="1.108" /><testcase classname="test_leave_cycle.TestDeleteRevert" name="test_delete_last_entry_only_leave_behind_no_revert" time="0.654"><skipped type="pytest.skip" message="Leave-only-behind scenario requires manual DB seeding; covered by skip-leave logic in other tests">/app/backend/tests/test_leave_cycle.py:231: Leave-only-behind scenario requires manual DB seeding; covered by skip-leave logic in other tests</skipped></testcase><testcase classname="test_leave_cycle.TestCyclesEndpoints" name="test_start_new_closes_no_new_created" time="1.232" /><testcase classname="test_leave_cycle.TestCyclesEndpoints" name="test_start_new_when_no_cycle_requires_prev_entry" time="0.763" /><testcase classname="test_leave_cycle.TestRegression" name="test_summary_month_works" time="0.885" /><testcase classname="test_leave_cycle.TestRegression" name="test_entries_crud" time="1.223" /><testcase classname="test_leave_reconciliation.TestCreateFillsGap" name="test_initial_gap_creates_leave_cycle" time="1.097" /><testcase classname="test_leave_reconciliation.TestCreateFillsGap" name="test_fill_gap_to_6days_replaces_leave_cycle" time="1.599" /><testcase classname="test_leave_reconciliation.TestCreateFillsGap" name="test_fill_gap_below_threshold_deletes_leave_cycle" time="1.305" /><testcase classname="test_leave_reconciliation.TestUpdateReconciliation" name="test_update_shrinks_gap_below_threshold_deletes_leave" time="1.195" /><testcase classname="test_leave_reconciliation.TestUpdateReconciliation" name="test_update_grows_gap_above_threshold_creates_leave" time="3.330" /><testcase classname="test_leave_reconciliation.TestDeleteReconciliation" name="test_delete_middle_entry_creates_new_gap" time="1.355" /><testcase classname="test_leave_reconciliation.TestDeleteReconciliation" name="test_delete_middle_creates_brand_new_leave" time="1.352" /><testcase classname="test_leave_reconciliation.TestDeleteReconciliation" name="test_delete_only_remaining_entry_drops_all_leaves" time="1.289" /><testcase classname="test_leave_reconciliation.TestBoundaries" name="test_gap_5_never_creates_leave" time="1.153" /><testcase classname="test_leave_reconciliation.TestBoundaries" name="test_gap_6_always_creates_leave" time="1.238" /><testcase classname="test_leave_reconciliation.TestStressSequence" name="test_sequence_invariant_holds" time="2.165" /><testcase classname="test_leave_reconciliation.TestWorkCyclesUntouched" name="test_work_cycle_totals_preserved_after_reconcile" time="1.375" /><testcase classname="test_leave_reconciliation.TestWorkCyclesUntouched" name="test_previous_cycle_falls_back_to_work_when_leave_deleted" time="1.892" /><testcase classname="test_cycle_max_days_cap.TestCapEnforcement" name="test_six_sequential_entries_succeed" time="37.686" /><testcase classname="test_cycle_max_days_cap.TestCapEnforcement" name="test_seventh_sequential_entry_returns_structured_400" time="4.683" /><testcase classname="test_cycle_max_days_cap.TestCapEnforcement" name="test_blocked_entry_not_persisted" time="4.762" /><testcase classname="test_cycle_max_days_cap.TestManualRecovery" name="test_start_new_then_retry_succeeds_in_fresh_cycle" time="3.014" /><testcase classname="test_cycle_max_days_cap.TestManualRecovery" name="test_confirm_reduced_then_retry_marks_cycle_reduced" time="1.968" /><testcase classname="test_cycle_max_days_cap.TestDashboardDaysWorkedMax" name="test_days_worked_max_present_when_cycle_open" time="0.930" /><testcase classname="test_cycle_max_days_cap.TestDashboardDaysWorkedMax" name="test_days_worked_max_absent_when_cycle_null" time="0.788" /><testcase classname="test_cycle_max_days_cap.TestLeaveGapBypassesCap" name="test_six_entries_then_6day_gap_succeeds_in_fresh_cycle" time="1.620" /><testcase classname="test_cycle_max_days_cap.TestLeaveGapBypassesCap" name="test_gap_exactly_5_days_still_blocked" time="1.519" /><testcase classname="test_cycle_max_days_cap.TestPutDeleteUnaffected" name="test_put_on_6entry_cycle_is_allowed" time="1.774" /><testcase classname="test_cycle_max_days_cap.TestPutDeleteUnaffected" name="test_delete_then_add_succeeds" time="1.953" /><testcase classname="test_cycle_max_days_cap.TestRepeatedBlockingIsIdempotent" name="test_multiple_blocked_attempts_dont_corrupt_cycle" time="1.946" /><testcase classname="test_rest_gap_contract.TestStartNewContract" name="test_no_body_returns_422" time="0.881" /><testcase classname="test_rest_gap_contract.TestStartNewContract" name="test_no_previous_entry_returns_400_rest_required" time="0.815" /><testcase classname="test_rest_gap_contract.TestStartNewContract" name="test_insufficient_gap_returns_400_with_metrics" time="0.900" /><testcase classname="test_rest_gap_contract.TestStartNewContract" name="test_exact_45h_gap_succeeds" time="1.004" /><testcase classname="test_rest_gap_contract.TestConfirmReducedContract" name="test_no_body_returns_422" time="0.781" /><testcase classname="test_rest_gap_contract.TestConfirmReducedContract" name="test_insufficient_gap_returns_400_rest_required" time="0.993" /><testcase classname="test_rest_gap_contract.TestConfirmReducedContract" name="test_24h_gap_succeeds_and_marks_reduced" time="1.035" /><testcase classname="test_rest_gap_contract.TestConfirmReducedContract" name="test_45h_gap_still_succeeds_and_marks_reduced" time="0.981" /><testcase classname="test_rest_gap_contract.TestCapErrorShape" name="test_cap_error_includes_title_headline_message" time="1.599" /><testcase classname="test_rest_gap_contract.TestEndToEndAfterCap" name="test_cap_then_detect_rest_then_confirm_reduced_then_post_entry" time="1.899" /><testcase classname="test_rest_gap_contract.TestEndToEndAfterCap" name="test_bogus_future_datetime_legit_when_gap_valid" time="1.431" /></testsuite></testsuites>