<?xml version="1.0" encoding="utf-8"?><testsuites name="pytest tests"><testsuite name="pytest" errors="0" failures="0" skipped="0" tests="41" time="9.463" timestamp="2026-05-22T08:10:54.212823+00:00" hostname="agent-env-e251eb2b-0473-4838-92cf-db61a299ea2d"><testcase classname="backend.tests.backend_test.TestAuth" name="test_register" time="0.368" /><testcase classname="backend.tests.backend_test.TestAuth" name="test_login_admin" time="0.335" /><testcase classname="backend.tests.backend_test.TestAuth" name="test_login_wrong_password" time="0.383" /><testcase classname="backend.tests.backend_test.TestAuth" name="test_me_with_token" time="0.105" /><testcase classname="backend.tests.backend_test.TestAuth" name="test_me_without_token" time="0.110" /><testcase classname="backend.tests.backend_test.TestCyclesEntries" name="test_cycles_current_auto_creates" time="0.101" /><testcase classname="backend.tests.backend_test.TestCyclesEntries" name="test_create_first_entry_no_daily_rest" time="0.104" /><testcase classname="backend.tests.backend_test.TestCyclesEntries" name="test_create_second_entry_with_daily_rest" time="0.125" /><testcase classname="backend.tests.backend_test.TestCyclesEntries" name="test_detect_rest_no_signal" time="0.099" /><testcase classname="backend.tests.backend_test.TestCyclesEntries" name="test_detect_rest_weekly_full" time="0.107" /><testcase classname="backend.tests.backend_test.TestCyclesEntries" name="test_detect_rest_weekly_reduced" time="0.102" /><testcase classname="backend.tests.backend_test.TestCyclesEntries" name="test_list_entries_enriched" time="0.102" /><testcase classname="backend.tests.backend_test.TestCyclesEntries" name="test_dashboard_summary_cycle" time="0.108" /><testcase classname="backend.tests.backend_test.TestCyclesEntries" name="test_update_recomputes" time="0.217" /><testcase classname="backend.tests.backend_test.TestCyclesEntries" name="test_start_new_cycle" time="0.107" /><testcase classname="backend.tests.backend_test.TestCyclesEntries" name="test_confirm_reduced_creates_reduced_cycle" time="0.108" /><testcase classname="backend.tests.backend_test.TestCyclesEntries" name="test_new_entry_in_new_cycle" time="0.207" /><testcase classname="backend.tests.backend_test.TestCyclesEntries" name="test_delete_entry" time="0.229" /><testcase classname="backend.tests.backend_test.TestLegacy" name="test_admin_legacy_entry_flagged" time="0.103" /><testcase classname="backend.tests.test_backfill_daily_rest" name="test_dashboard_backfills_daily_rest_for_legacy_latest" time="0.440" /><testcase classname="backend.tests.test_backfill_daily_rest" name="test_dashboard_legacy_first_entry_no_backfill" time="0.502" /><testcase classname="backend.tests.test_break_rule.TestValidation" name="test_detect_rest_bad_start_time" time="0.431" /><testcase classname="backend.tests.test_break_rule.TestValidation" name="test_detect_rest_bad_date" time="0.120" /><testcase classname="backend.tests.test_break_rule.TestValidation" name="test_entry_bad_time" time="0.113" /><testcase classname="backend.tests.test_break_rule.TestValidation" name="test_entry_bad_date" time="0.096" /><testcase classname="backend.tests.test_break_rule.TestBreakRule" name="test_violation_6h_with_30min_break" time="0.108" /><testcase classname="backend.tests.test_break_rule.TestBreakRule" name="test_ok_4h_with_45min_break" time="0.107" /><testcase classname="backend.tests.test_break_rule.TestBreakRule" name="test_ok_two_4h30_segments_with_45min_break" time="0.145" /><testcase classname="backend.tests.test_break_rule.TestBreakRule" name="test_violation_two_segments_only_30min_break" time="0.110" /><testcase classname="backend.tests.test_break_rule.TestBreakRule" name="test_ok_split_15_then_30" time="0.098" /><testcase classname="backend.tests.test_break_rule.TestBreakRule" name="test_dashboard_break_violations_count" time="0.098" /><testcase classname="backend.tests.test_break_rule.TestBreakRule" name="test_recompute_on_update" time="0.434" /><testcase classname="backend.tests.test_break_rule.TestBreakRule" name="test_recompute_on_delete" time="0.435" /><testcase classname="backend.tests.test_latest_entry.TestDashboardLatestEntryStructure" name="test_dashboard_has_latest_entry_field" time="0.442" /><testcase classname="backend.tests.test_latest_entry.TestDashboardLatestEntryStructure" name="test_dashboard_preserves_existing_fields" time="0.107" /><testcase classname="backend.tests.test_latest_entry.TestDashboardLatestEntryStructure" name="test_fresh_user_latest_is_none" time="0.482" /><testcase classname="backend.tests.test_latest_entry.TestLatestEntryEnrichment" name="test_latest_entry_enriched_fields" time="0.685" /><testcase classname="backend.tests.test_latest_entry.TestLatestEntryEnrichment" name="test_latest_entry_daily_rest_computed" time="0.314" /><testcase classname="backend.tests.test_latest_entry.TestLatestEntryBackfill" name="test_backfill_legacy_daily_rest" time="0.445" /><testcase classname="backend.tests.test_latest_entry.TestLatestEntryBackfill" name="test_single_entry_user_no_daily_rest" time="0.209" /><testcase classname="backend.tests.test_latest_entry.TestLatestEntryVsCycleLastEntry" name="test_latest_matches_history_top" time="0.218" /></testsuite></testsuites>