<?xml version="1.0" encoding="utf-8"?><testsuites name="pytest tests"><testsuite name="pytest" errors="0" failures="0" skipped="1" tests="17" time="12.065" timestamp="2026-05-22T21:24:12.020986+00:00" hostname="agent-env-e251eb2b-0473-4838-92cf-db61a299ea2d"><testcase classname="backend.tests.test_leave_cycle.TestAuthAndEmptyDashboard" name="test_register_returns_token" time="0.479" /><testcase classname="backend.tests.test_leave_cycle.TestAuthAndEmptyDashboard" name="test_empty_user_dashboard_no_crash" time="0.495" /><testcase classname="backend.tests.test_leave_cycle.TestAuthAndEmptyDashboard" name="test_current_cycle_none_when_no_entries" time="0.543" /><testcase classname="backend.tests.test_leave_cycle.TestAutoCycleCreation" name="test_first_entry_creates_cycle" time="0.583" /><testcase classname="backend.tests.test_leave_cycle.TestAutoCycleCreation" name="test_consecutive_entries_same_cycle" time="0.694" /><testcase classname="backend.tests.test_leave_cycle.TestLeaveDetection" name="test_gap_exactly_6_days_triggers" time="0.793" /><testcase classname="backend.tests.test_leave_cycle.TestLeaveDetection" name="test_gap_exactly_5_days_no_trigger" time="0.742" /><testcase classname="backend.tests.test_leave_cycle.TestLeaveDetection" name="test_gap_large_triggers" time="0.744" /><testcase classname="backend.tests.test_leave_cycle.TestLeaveDetection" name="test_backdating_no_leave_trigger" time="0.815" /><testcase classname="backend.tests.test_leave_cycle.TestLeaveDetection" name="test_multiple_consecutive_leave_events" time="0.980" /><testcase classname="backend.tests.test_leave_cycle.TestDeleteRevert" name="test_delete_non_last_keeps_cycle" time="0.902" /><testcase classname="backend.tests.test_leave_cycle.TestDeleteRevert" name="test_delete_last_entry_with_leave_skips_to_work_cycle" time="0.849" /><testcase classname="backend.tests.test_leave_cycle.TestDeleteRevert" name="test_delete_last_entry_only_leave_behind_no_revert" time="0.342"><skipped type="pytest.skip" message="Leave-only-behind scenario requires manual DB seeding; covered by skip-leave logic in other tests">/app/backend/tests/test_leave_cycle.py:219: Leave-only-behind scenario requires manual DB seeding; covered by skip-leave logic in other tests</skipped></testcase><testcase classname="backend.tests.test_leave_cycle.TestCyclesEndpoints" name="test_start_new_closes_no_new_created" time="0.957" /><testcase classname="backend.tests.test_leave_cycle.TestCyclesEndpoints" name="test_start_new_when_no_cycle" time="0.468" /><testcase classname="backend.tests.test_leave_cycle.TestRegression" name="test_summary_month_works" time="0.630" /><testcase classname="backend.tests.test_leave_cycle.TestRegression" name="test_entries_crud" time="0.981" /></testsuite></testsuites>