<?xml version="1.0" encoding="utf-8"?><testsuites name="pytest tests"><testsuite name="pytest" errors="0" failures="0" skipped="1" tests="8" time="9.113" timestamp="2026-05-22T21:01:00.304077+00:00" hostname="agent-env-e251eb2b-0473-4838-92cf-db61a299ea2d"><testcase classname="backend.tests.test_auto_revert_cycle.TestAutoRevert" name="test_delete_response_shape" time="0.899" /><testcase classname="backend.tests.test_auto_revert_cycle.TestAutoRevert" name="test_non_last_entry_delete_no_revert" time="1.112" /><testcase classname="backend.tests.test_auto_revert_cycle.TestAutoRevert" name="test_last_entry_with_prev_closed_cycle_triggers_revert" time="1.568" /><testcase classname="backend.tests.test_auto_revert_cycle.TestAutoRevert" name="test_last_entry_no_prev_closed_cycle_no_revert" time="0.901" /><testcase classname="backend.tests.test_auto_revert_cycle.TestAutoRevert" name="test_delete_from_closed_cycle_no_revert" time="1.347" /><testcase classname="backend.tests.test_auto_revert_cycle.TestAutoRevert" name="test_legacy_entry_delete_no_cycle_effect" time="0.355"><skipped type="pytest.skip" message="Legacy entries (cycle_id=null) cannot be created via current API; covered manually.">/app/backend/tests/test_auto_revert_cycle.py:196: Legacy entries (cycle_id=null) cannot be created via current API; covered manually.</skipped></testcase><testcase classname="backend.tests.test_auto_revert_cycle.TestAutoRevert" name="test_after_revert_new_entry_attaches_to_reopened_cycle" time="1.129" /><testcase classname="backend.tests.test_auto_revert_cycle.TestAutoRevert" name="test_revert_picks_most_recent_closed_cycle" time="1.377" /></testsuite></testsuites>