<?xml version="1.0" encoding="utf-8"?><testsuites name="pytest tests"><testsuite name="pytest" errors="0" failures="0" skipped="0" tests="6" time="3.479" timestamp="2026-05-22T08:29:49.239361+00:00" hostname="agent-env-e251eb2b-0473-4838-92cf-db61a299ea2d"><testcase classname="backend.tests.test_cycle_counter_sync.TestCycleSnapshot" name="test_post_entry_writes_snapshot_to_cycle" time="0.485" /><testcase classname="backend.tests.test_cycle_counter_sync.TestCycleSnapshot" name="test_dashboard_cycle_total_matches_sum_of_entries" time="0.535" /><testcase classname="backend.tests.test_cycle_counter_sync.TestUpdateUpdatesSnapshot" name="test_put_entry_changes_total" time="0.641" /><testcase classname="backend.tests.test_cycle_counter_sync.TestDeleteUpdatesSnapshot" name="test_delete_entry_decreases_total" time="0.599" /><testcase classname="backend.tests.test_cycle_counter_sync.TestLegacyExcluded" name="test_legacy_entry_not_counted_in_cycle" time="0.573" /><testcase classname="backend.tests.test_cycle_counter_sync.TestCycleDocSnapshotPersistence" name="test_cycle_doc_in_mongo_has_snapshot_fields" time="0.488" /></testsuite></testsuites>