<?xml version="1.0" encoding="utf-8"?><testsuites name="pytest tests"><testsuite name="pytest" errors="0" failures="1" skipped="0" tests="12" time="12.423" timestamp="2026-05-22T21:58:24.227644+00:00" hostname="agent-env-e251eb2b-0473-4838-92cf-db61a299ea2d"><testcase classname="backend.tests.test_leave_reconciliation.TestCreateFillsGap" name="test_initial_gap_creates_leave_cycle" time="1.087" /><testcase classname="backend.tests.test_leave_reconciliation.TestCreateFillsGap" name="test_fill_gap_to_6days_replaces_leave_cycle" time="1.031" /><testcase classname="backend.tests.test_leave_reconciliation.TestCreateFillsGap" name="test_fill_gap_below_threshold_deletes_leave_cycle" time="1.130" /><testcase classname="backend.tests.test_leave_reconciliation.TestUpdateReconciliation" name="test_update_shrinks_gap_below_threshold_deletes_leave" time="1.029" /><testcase classname="backend.tests.test_leave_reconciliation.TestUpdateReconciliation" name="test_update_grows_gap_above_threshold_creates_leave" time="0.982" /><testcase classname="backend.tests.test_leave_reconciliation.TestDeleteReconciliation" name="test_delete_middle_entry_creates_new_gap" time="1.043" /><testcase classname="backend.tests.test_leave_reconciliation.TestDeleteReconciliation" name="test_delete_middle_creates_brand_new_leave" time="1.066" /><testcase classname="backend.tests.test_leave_reconciliation.TestDeleteReconciliation" name="test_delete_only_remaining_entry_drops_all_leaves" time="0.946" /><testcase classname="backend.tests.test_leave_reconciliation.TestBoundaries" name="test_gap_5_never_creates_leave" time="0.714" /><testcase classname="backend.tests.test_leave_reconciliation.TestBoundaries" name="test_gap_6_always_creates_leave" time="0.717" /><testcase classname="backend.tests.test_leave_reconciliation.TestStressSequence" name="test_sequence_invariant_holds" time="1.770" /><testcase classname="backend.tests.test_leave_reconciliation.TestWorkCyclesUntouched" name="test_work_cycle_totals_preserved_after_reconcile" time="0.802"><failure message="AssertionError: assert True is False&#10; +  where True = &lt;built-in method get of dict object at 0xff35e497fac0&gt;('is_leave_period', False)&#10; +    where &lt;built-in method get of dict object at 0xff35e497fac0&gt; = {'break_violations_count': 0, 'days_worked': 0, 'decoucher_count': 0, 'ended_at': '2026-05-22T21:58:36.484047+00:00', ...}.get">backend/tests/test_leave_reconciliation.py:327: in test_work_cycle_totals_preserved_after_reconcile
    assert d["previous_cycle"].get("is_leave_period", False) is False
E   AssertionError: assert True is False
E    +  where True = &lt;built-in method get of dict object at 0xff35e497fac0&gt;('is_leave_period', False)
E    +    where &lt;built-in method get of dict object at 0xff35e497fac0&gt; = {'break_violations_count': 0, 'days_worked': 0, 'decoucher_count': 0, 'ended_at': '2026-05-22T21:58:36.484047+00:00', ...}.get</failure></testcase></testsuite></testsuites>