<?xml version="1.0" encoding="utf-8"?><testsuites name="pytest tests"><testsuite name="pytest" errors="0" failures="0" skipped="0" tests="5" time="2.141" timestamp="2026-05-24T10:08:43.517303+00:00" hostname="agent-env-e251eb2b-0473-4838-92cf-db61a299ea2d"><testcase classname="backend.tests.test_email_verification_extra.TestSmtpNoOpLog" name="test_register_logs_smtp_not_configured_with_token_url" time="0.911" /><testcase classname="backend.tests.test_email_verification_extra.TestAdminLogin" name="test_admin_login_succeeds" time="0.337" /><testcase classname="backend.tests.test_email_verification_extra.TestTokenTTLIndex" name="test_collection_has_ttl_index_on_expires_at" time="0.005" /><testcase classname="backend.tests.test_email_verification_extra.TestTokenTTLIndex" name="test_manually_expired_token_is_rejected" time="0.432" /><testcase classname="backend.tests.test_email_verification_extra.TestResendCooldownRotation" name="test_after_cooldown_resend_creates_new_token_hash" time="0.436" /></testsuite></testsuites>