<?xml version="1.0" encoding="utf-8"?><testsuites name="pytest tests"><testsuite name="pytest" errors="0" failures="1" skipped="0" tests="34" time="8.986" timestamp="2026-05-22T19:55:53.572176+00:00" hostname="agent-env-e251eb2b-0473-4838-92cf-db61a299ea2d"><testcase classname="backend.tests.test_strict_break_rule.TestStrictBreakRule" name="test_240_drive_20_break_violation" time="0.655" /><testcase classname="backend.tests.test_strict_break_rule.TestStrictBreakRule" name="test_240_drive_45_break_ok" time="0.117" /><testcase classname="backend.tests.test_strict_break_rule.TestStrictBreakRule" name="test_240_drive_30_15_break_ok" time="0.132" /><testcase classname="backend.tests.test_strict_break_rule.TestStrictBreakRule" name="test_120_drive_20_break_violation_strict" time="0.144" /><testcase classname="backend.tests.test_strict_break_rule.TestStrictBreakRule" name="test_no_driving_no_break_ok" time="0.112" /><testcase classname="backend.tests.test_strict_break_rule.TestStrictBreakRule" name="test_480_drive_60_break_violation_max_consecutive" time="0.129" /><testcase classname="backend.tests.test_strict_break_rule.TestStrictBreakRule" name="test_240_drive_60_break_ok" time="0.123" /><testcase classname="backend.tests.test_strict_break_rule.TestStrictBreakRule" name="test_240_drive_three_15_breaks_violation" time="0.121" /><testcase classname="backend.tests.test_strict_break_rule.TestDoubleEquipageNoEffect" name="test_same_result_both_modes[segs0-brks0-violation]" time="0.320" /><testcase classname="backend.tests.test_strict_break_rule.TestDoubleEquipageNoEffect" name="test_same_result_both_modes[segs1-brks1-ok]" time="0.309" /><testcase classname="backend.tests.test_strict_break_rule.TestDoubleEquipageNoEffect" name="test_same_result_both_modes[segs2-brks2-ok]" time="0.234" /><testcase classname="backend.tests.test_strict_break_rule.TestDoubleEquipageNoEffect" name="test_same_result_both_modes[segs3-brks3-violation]" time="0.278" /><testcase classname="backend.tests.test_strict_break_rule.TestDoubleEquipageNoEffect" name="test_same_result_both_modes[segs4-brks4-violation]" time="0.268" /><testcase classname="backend.tests.test_strict_break_rule.TestDoubleEquipageNoEffect" name="test_same_result_both_modes[segs5-brks5-violation]" time="0.243"><failure message="AssertionError: solo [240, 240]/[45] expected violation&#10;assert 'ok' == 'violation'&#10;  &#10;  - violation&#10;  + ok">backend/tests/test_strict_break_rule.py:134: in test_same_result_both_modes
    assert solo["break_rule_status"] == expected, f"solo {segs}/{brks} expected {expected}"
E   AssertionError: solo [240, 240]/[45] expected violation
E   assert 'ok' == 'violation'
E     
E     - violation
E     + ok</failure></testcase><testcase classname="backend.tests.test_double_equipage" name="test_dailyentry_accepts_double_equipage_default_false" time="0.528" /><testcase classname="backend.tests.test_double_equipage" name="test_single_driver_240_240_with_30_violation" time="0.128" /><testcase classname="backend.tests.test_double_equipage" name="test_codriver_240_240_with_30_still_violation" time="0.126" /><testcase classname="backend.tests.test_double_equipage" name="test_codriver_240_240_with_20_violation" time="0.121" /><testcase classname="backend.tests.test_double_equipage" name="test_codriver_240_240_with_45_ok" time="0.116" /><testcase classname="backend.tests.test_double_equipage" name="test_put_toggle_does_not_change_break_rule" time="0.385" /><testcase classname="backend.tests.test_double_equipage" name="test_double_equipage_does_not_change_time_aggregates" time="0.292" /><testcase classname="backend.tests.test_double_equipage" name="test_double_equipage_does_not_affect_cycle_counters" time="0.990" /><testcase classname="backend.tests.test_break_rule.TestValidation" name="test_detect_rest_bad_start_time" time="0.522" /><testcase classname="backend.tests.test_break_rule.TestValidation" name="test_detect_rest_bad_date" time="0.142" /><testcase classname="backend.tests.test_break_rule.TestValidation" name="test_entry_bad_time" time="0.135" /><testcase classname="backend.tests.test_break_rule.TestValidation" name="test_entry_bad_date" time="0.117" /><testcase classname="backend.tests.test_break_rule.TestBreakRule" name="test_violation_6h_with_30min_break" time="0.135" /><testcase classname="backend.tests.test_break_rule.TestBreakRule" name="test_ok_4h_with_45min_break" time="0.122" /><testcase classname="backend.tests.test_break_rule.TestBreakRule" name="test_ok_two_4h30_segments_with_45min_break" time="0.137" /><testcase classname="backend.tests.test_break_rule.TestBreakRule" name="test_violation_two_segments_only_30min_break" time="0.121" /><testcase classname="backend.tests.test_break_rule.TestBreakRule" name="test_ok_split_15_then_30" time="0.124" /><testcase classname="backend.tests.test_break_rule.TestBreakRule" name="test_dashboard_break_violations_count" time="0.116" /><testcase classname="backend.tests.test_break_rule.TestBreakRule" name="test_recompute_on_update" time="0.533" /><testcase classname="backend.tests.test_break_rule.TestBreakRule" name="test_recompute_on_delete" time="0.558" /></testsuite></testsuites>