<?xml version="1.0" encoding="utf-8"?><testsuites name="pytest tests"><testsuite name="pytest" errors="0" failures="0" skipped="0" tests="12" time="16.424" timestamp="2026-05-22T22:26:08.284860+00:00" hostname="agent-env-e251eb2b-0473-4838-92cf-db61a299ea2d"><testcase classname="backend.tests.test_cycle_max_days_cap.TestCapEnforcement" name="test_six_sequential_entries_succeed" time="1.264" /><testcase classname="backend.tests.test_cycle_max_days_cap.TestCapEnforcement" name="test_seventh_sequential_entry_returns_structured_400" time="1.194" /><testcase classname="backend.tests.test_cycle_max_days_cap.TestCapEnforcement" name="test_blocked_entry_not_persisted" time="1.368" /><testcase classname="backend.tests.test_cycle_max_days_cap.TestManualRecovery" name="test_start_new_then_retry_succeeds_in_fresh_cycle" time="1.609" /><testcase classname="backend.tests.test_cycle_max_days_cap.TestManualRecovery" name="test_confirm_reduced_then_retry_marks_cycle_reduced" time="2.368" /><testcase classname="backend.tests.test_cycle_max_days_cap.TestDashboardDaysWorkedMax" name="test_days_worked_max_present_when_cycle_open" time="0.597" /><testcase classname="backend.tests.test_cycle_max_days_cap.TestDashboardDaysWorkedMax" name="test_days_worked_max_absent_when_cycle_null" time="0.507" /><testcase classname="backend.tests.test_cycle_max_days_cap.TestLeaveGapBypassesCap" name="test_six_entries_then_6day_gap_succeeds_in_fresh_cycle" time="1.308" /><testcase classname="backend.tests.test_cycle_max_days_cap.TestLeaveGapBypassesCap" name="test_gap_exactly_5_days_still_blocked" time="1.174" /><testcase classname="backend.tests.test_cycle_max_days_cap.TestPutDeleteUnaffected" name="test_put_on_6entry_cycle_is_allowed" time="1.554" /><testcase classname="backend.tests.test_cycle_max_days_cap.TestPutDeleteUnaffected" name="test_delete_then_add_succeeds" time="1.675" /><testcase classname="backend.tests.test_cycle_max_days_cap.TestRepeatedBlockingIsIdempotent" name="test_multiple_blocked_attempts_dont_corrupt_cycle" time="1.652" /></testsuite></testsuites>