<?xml version="1.0" encoding="utf-8"?><testsuites name="pytest tests"><testsuite name="pytest" errors="0" failures="0" skipped="0" tests="55" time="19.985" timestamp="2026-05-22T19:23:55.720058+00:00" hostname="agent-env-e251eb2b-0473-4838-92cf-db61a299ea2d"><testcase classname="backend.tests.backend_test.TestAuth" name="test_register" time="0.415" /><testcase classname="backend.tests.backend_test.TestAuth" name="test_login_admin" time="0.592" /><testcase classname="backend.tests.backend_test.TestAuth" name="test_login_wrong_password" time="0.568" /><testcase classname="backend.tests.backend_test.TestAuth" name="test_me_with_token" time="0.131" /><testcase classname="backend.tests.backend_test.TestAuth" name="test_me_without_token" time="0.150" /><testcase classname="backend.tests.backend_test.TestCyclesEntries" name="test_cycles_current_auto_creates" time="0.142" /><testcase classname="backend.tests.backend_test.TestCyclesEntries" name="test_create_first_entry_no_daily_rest" time="0.168" /><testcase classname="backend.tests.backend_test.TestCyclesEntries" name="test_create_second_entry_with_daily_rest" time="0.174" /><testcase classname="backend.tests.backend_test.TestCyclesEntries" name="test_detect_rest_no_signal" time="0.144" /><testcase classname="backend.tests.backend_test.TestCyclesEntries" name="test_detect_rest_weekly_full" time="0.151" /><testcase classname="backend.tests.backend_test.TestCyclesEntries" name="test_detect_rest_weekly_reduced" time="0.144" /><testcase classname="backend.tests.backend_test.TestCyclesEntries" name="test_list_entries_enriched" time="0.137" /><testcase classname="backend.tests.backend_test.TestCyclesEntries" name="test_dashboard_summary_cycle" time="0.139" /><testcase classname="backend.tests.backend_test.TestCyclesEntries" name="test_update_recomputes" time="0.300" /><testcase classname="backend.tests.backend_test.TestCyclesEntries" name="test_start_new_cycle" time="0.231" /><testcase classname="backend.tests.backend_test.TestCyclesEntries" name="test_confirm_reduced_creates_reduced_cycle" time="0.183" /><testcase classname="backend.tests.backend_test.TestCyclesEntries" name="test_new_entry_in_new_cycle" time="0.280" /><testcase classname="backend.tests.backend_test.TestCyclesEntries" name="test_delete_entry" time="0.324" /><testcase classname="backend.tests.backend_test.TestLegacy" name="test_admin_legacy_entry_flagged" time="0.163" /><testcase classname="backend.tests.test_backfill_daily_rest" name="test_dashboard_backfills_daily_rest_for_legacy_latest" time="0.667" /><testcase classname="backend.tests.test_backfill_daily_rest" name="test_dashboard_legacy_first_entry_no_backfill" time="0.537" /><testcase classname="backend.tests.test_break_rule.TestValidation" name="test_detect_rest_bad_start_time" time="0.580" /><testcase classname="backend.tests.test_break_rule.TestValidation" name="test_detect_rest_bad_date" time="0.138" /><testcase classname="backend.tests.test_break_rule.TestValidation" name="test_entry_bad_time" time="0.117" /><testcase classname="backend.tests.test_break_rule.TestValidation" name="test_entry_bad_date" time="0.148" /><testcase classname="backend.tests.test_break_rule.TestBreakRule" name="test_violation_6h_with_30min_break" time="0.140" /><testcase classname="backend.tests.test_break_rule.TestBreakRule" name="test_ok_4h_with_45min_break" time="0.120" /><testcase classname="backend.tests.test_break_rule.TestBreakRule" name="test_ok_two_4h30_segments_with_45min_break" time="0.125" /><testcase classname="backend.tests.test_break_rule.TestBreakRule" name="test_violation_two_segments_only_30min_break" time="0.128" /><testcase classname="backend.tests.test_break_rule.TestBreakRule" name="test_ok_split_15_then_30" time="0.137" /><testcase classname="backend.tests.test_break_rule.TestBreakRule" name="test_dashboard_break_violations_count" time="0.133" /><testcase classname="backend.tests.test_break_rule.TestBreakRule" name="test_recompute_on_update" time="0.574" /><testcase classname="backend.tests.test_break_rule.TestBreakRule" name="test_recompute_on_delete" time="0.672" /><testcase classname="backend.tests.test_cycle_counter_sync.TestCycleSnapshot" name="test_post_entry_writes_snapshot_to_cycle" time="0.537" /><testcase classname="backend.tests.test_cycle_counter_sync.TestCycleSnapshot" name="test_dashboard_cycle_total_matches_sum_of_entries" time="0.818" /><testcase classname="backend.tests.test_cycle_counter_sync.TestUpdateUpdatesSnapshot" name="test_put_entry_changes_total" time="1.245" /><testcase classname="backend.tests.test_cycle_counter_sync.TestDeleteUpdatesSnapshot" name="test_delete_entry_decreases_total" time="0.744" /><testcase classname="backend.tests.test_cycle_counter_sync.TestLegacyExcluded" name="test_legacy_entry_not_counted_in_cycle" time="0.766" /><testcase classname="backend.tests.test_cycle_counter_sync.TestCycleDocSnapshotPersistence" name="test_cycle_doc_in_mongo_has_snapshot_fields" time="0.628" /><testcase classname="backend.tests.test_double_equipage" name="test_dailyentry_accepts_double_equipage_default_false" time="0.514" /><testcase classname="backend.tests.test_double_equipage" name="test_single_driver_240_240_with_30_violation" time="0.170" /><testcase classname="backend.tests.test_double_equipage" name="test_codriver_240_240_with_30_ok" time="0.159" /><testcase classname="backend.tests.test_double_equipage" name="test_codriver_240_240_with_20_violation" time="0.147" /><testcase classname="backend.tests.test_double_equipage" name="test_codriver_240_240_with_45_ok" time="0.151" /><testcase classname="backend.tests.test_double_equipage" name="test_put_toggle_recomputes_break_rule" time="0.533" /><testcase classname="backend.tests.test_double_equipage" name="test_double_equipage_does_not_change_time_aggregates" time="0.330" /><testcase classname="backend.tests.test_double_equipage" name="test_double_equipage_does_not_affect_cycle_counters" time="0.968" /><testcase classname="backend.tests.test_latest_entry.TestDashboardLatestEntryStructure" name="test_dashboard_has_latest_entry_field" time="0.508" /><testcase classname="backend.tests.test_latest_entry.TestDashboardLatestEntryStructure" name="test_dashboard_preserves_existing_fields" time="0.141" /><testcase classname="backend.tests.test_latest_entry.TestDashboardLatestEntryStructure" name="test_fresh_user_latest_is_none" time="0.471" /><testcase classname="backend.tests.test_latest_entry.TestLatestEntryEnrichment" name="test_latest_entry_enriched_fields" time="0.743" /><testcase classname="backend.tests.test_latest_entry.TestLatestEntryEnrichment" name="test_latest_entry_daily_rest_computed" time="0.133" /><testcase classname="backend.tests.test_latest_entry.TestLatestEntryBackfill" name="test_backfill_legacy_daily_rest" time="0.498" /><testcase classname="backend.tests.test_latest_entry.TestLatestEntryBackfill" name="test_single_entry_user_no_daily_rest" time="0.266" /><testcase classname="backend.tests.test_latest_entry.TestLatestEntryVsCycleLastEntry" name="test_latest_matches_history_top" time="0.293" /></testsuite></testsuites>