<?xml version="1.0" encoding="utf-8"?><testsuites name="pytest tests"><testsuite name="pytest" errors="0" failures="0" skipped="0" tests="12" time="10.299" timestamp="2026-05-24T10:28:21.018498+00:00" hostname="agent-env-e251eb2b-0473-4838-92cf-db61a299ea2d"><testcase classname="test_forgot_password_and_delete.TestForgotPassword" name="test_forgot_for_unknown_email_returns_generic_200" time="0.209" /><testcase classname="test_forgot_password_and_delete.TestForgotPassword" name="test_forgot_for_known_email_creates_hashed_token" time="0.797" /><testcase classname="test_forgot_password_and_delete.TestForgotPassword" name="test_forgot_within_cooldown_does_not_rotate_token" time="0.892" /><testcase classname="test_forgot_password_and_delete.TestResetPassword" name="test_reset_with_valid_token_updates_password" time="1.790" /><testcase classname="test_forgot_password_and_delete.TestResetPassword" name="test_reset_with_invalid_token_returns_400" time="0.128" /><testcase classname="test_forgot_password_and_delete.TestResetPassword" name="test_reset_token_is_single_use" time="1.335" /><testcase classname="test_forgot_password_and_delete.TestResetPassword" name="test_reset_with_short_password_returns_422" time="0.098" /><testcase classname="test_forgot_password_and_delete.TestDeleteAccount" name="test_delete_with_wrong_password_returns_403" time="1.046" /><testcase classname="test_forgot_password_and_delete.TestDeleteAccount" name="test_delete_with_correct_password_returns_counts_and_purges_data" time="1.318" /><testcase classname="test_forgot_password_and_delete.TestDeleteAccount" name="test_after_delete_token_is_rejected" time="1.152" /><testcase classname="test_forgot_password_and_delete.TestDeleteAccount" name="test_after_delete_email_can_be_reregistered" time="1.359" /><testcase classname="test_forgot_password_and_delete.TestDeleteAccount" name="test_unauthenticated_delete_returns_401" time="0.154" /></testsuite></testsuites>