<?xml version="1.0" encoding="utf-8"?><testsuites name="pytest tests"><testsuite name="pytest" errors="0" failures="0" skipped="0" tests="19" time="3.220" timestamp="2026-05-22T07:16:20.444962+00:00" hostname="agent-env-e251eb2b-0473-4838-92cf-db61a299ea2d"><testcase classname="backend.tests.backend_test.TestAuth" name="test_register" time="0.361" /><testcase classname="backend.tests.backend_test.TestAuth" name="test_login_admin" time="0.328" /><testcase classname="backend.tests.backend_test.TestAuth" name="test_login_wrong_password" time="0.325" /><testcase classname="backend.tests.backend_test.TestAuth" name="test_me_with_token" time="0.099" /><testcase classname="backend.tests.backend_test.TestAuth" name="test_me_without_token" time="0.103" /><testcase classname="backend.tests.backend_test.TestCyclesEntries" name="test_cycles_current_auto_creates" time="0.111" /><testcase classname="backend.tests.backend_test.TestCyclesEntries" name="test_create_first_entry_no_daily_rest" time="0.109" /><testcase classname="backend.tests.backend_test.TestCyclesEntries" name="test_create_second_entry_with_daily_rest" time="0.123" /><testcase classname="backend.tests.backend_test.TestCyclesEntries" name="test_detect_rest_no_signal" time="0.123" /><testcase classname="backend.tests.backend_test.TestCyclesEntries" name="test_detect_rest_weekly_full" time="0.105" /><testcase classname="backend.tests.backend_test.TestCyclesEntries" name="test_detect_rest_weekly_reduced" time="0.117" /><testcase classname="backend.tests.backend_test.TestCyclesEntries" name="test_list_entries_enriched" time="0.099" /><testcase classname="backend.tests.backend_test.TestCyclesEntries" name="test_dashboard_summary_cycle" time="0.122" /><testcase classname="backend.tests.backend_test.TestCyclesEntries" name="test_update_recomputes" time="0.221" /><testcase classname="backend.tests.backend_test.TestCyclesEntries" name="test_start_new_cycle" time="0.114" /><testcase classname="backend.tests.backend_test.TestCyclesEntries" name="test_confirm_reduced_creates_reduced_cycle" time="0.118" /><testcase classname="backend.tests.backend_test.TestCyclesEntries" name="test_new_entry_in_new_cycle" time="0.217" /><testcase classname="backend.tests.backend_test.TestCyclesEntries" name="test_delete_entry" time="0.202" /><testcase classname="backend.tests.backend_test.TestLegacy" name="test_admin_legacy_entry_flagged" time="0.114" /></testsuite></testsuites>